<?xml version="1.0" encoding="UTF-8"?>
<testng-results ignored="0" total="4" passed="2" failed="2" skipped="0">
  <reporter-output>
  </reporter-output>
  <suite started-at="2022-08-04T14:56:29 SGT" name="Selenium 4 Tests " finished-at="2022-08-04T14:56:29 SGT" duration-ms="0">
    <groups>
    </groups>
  </suite> <!-- Selenium 4 Tests  -->
  <suite started-at="2022-08-04T14:56:25 SGT" name="Functional Test Suite" finished-at="2022-08-04T14:56:29 SGT" duration-ms="4075">
    <groups>
    </groups>
    <test started-at="2022-08-04T14:56:25 SGT" name="ChromeTest" finished-at="2022-08-04T14:56:29 SGT" duration-ms="4075">
      <class name="tests.FunctionalTest">
        <test-method is-config="true" signature="startDriver(java.lang.String)[pri:0, instance:tests.FunctionalTest@10d307f1]" started-at="2022-08-04T14:56:25 SGT" name="startDriver" finished-at="2022-08-04T14:56:26 SGT" duration-ms="830" status="PASS">
          <params>
            <param index="0">
              <value>
                <![CDATA[chrome]]>
              </value>
            </param>
          </params>
          <reporter-output>
          </reporter-output>
        </test-method> <!-- startDriver -->
        <test-method is-config="true" signature="startDriver(java.lang.String)[pri:0, instance:tests.FunctionalTest@10d307f1]" started-at="2022-08-04T14:56:25 SGT" name="startDriver" finished-at="2022-08-04T14:56:27 SGT" duration-ms="1815" status="PASS">
          <params>
            <param index="0">
              <value>
                <![CDATA[chrome]]>
              </value>
            </param>
          </params>
          <reporter-output>
          </reporter-output>
        </test-method> <!-- startDriver -->
        <test-method signature="loginTest2()[pri:0, instance:tests.FunctionalTest@10d307f1]" started-at="2022-08-04T14:56:26 SGT" name="loginTest2" finished-at="2022-08-04T14:56:28 SGT" duration-ms="2711" status="FAIL">
          <exception class="java.lang.AssertionError">
            <message>
              <![CDATA[Wrong user login expected [Keith Chu] but found [Umi Amira]]]>
            </message>
            <full-stacktrace>
              <![CDATA[java.lang.AssertionError: Wrong user login expected [Keith Chu] but found [Umi Amira]
at org.testng.Assert.fail(Assert.java:110)
at org.testng.Assert.failNotEquals(Assert.java:1413)
at org.testng.Assert.assertEqualsImpl(Assert.java:149)
at org.testng.Assert.assertEquals(Assert.java:131)
at org.testng.Assert.assertEquals(Assert.java:655)
at tests.FunctionalTest.loginTest2(FunctionalTest.java:25)
at java.base/jdk.internal.reflect.NativeMethodAccessorImpl.invoke0(Native Method)
at java.base/jdk.internal.reflect.NativeMethodAccessorImpl.invoke(NativeMethodAccessorImpl.java:77)
at java.base/jdk.internal.reflect.DelegatingMethodAccessorImpl.invoke(DelegatingMethodAccessorImpl.java:43)
at java.base/java.lang.reflect.Method.invoke(Method.java:568)
at org.testng.internal.invokers.MethodInvocationHelper.invokeMethod(MethodInvocationHelper.java:139)
at org.testng.internal.invokers.TestInvoker.invokeMethod(TestInvoker.java:677)
at org.testng.internal.invokers.TestInvoker.invokeTestMethod(TestInvoker.java:221)
at org.testng.internal.invokers.MethodRunner.runInSequence(MethodRunner.java:50)
at org.testng.internal.invokers.TestInvoker$MethodInvocationAgent.invoke(TestInvoker.java:962)
at org.testng.internal.invokers.TestInvoker.invokeTestMethods(TestInvoker.java:194)
at org.testng.internal.invokers.TestMethodWorker.invokeTestMethods(TestMethodWorker.java:148)
at org.testng.internal.invokers.TestMethodWorker.run(TestMethodWorker.java:128)
at java.base/java.util.concurrent.ThreadPoolExecutor.runWorker(ThreadPoolExecutor.java:1136)
at java.base/java.util.concurrent.ThreadPoolExecutor$Worker.run(ThreadPoolExecutor.java:635)
at java.base/java.lang.Thread.run(Thread.java:833)
]]>
            </full-stacktrace>
          </exception> <!-- java.lang.AssertionError -->
          <reporter-output>
          </reporter-output>
        </test-method> <!-- loginTest2 -->
        <test-method signature="loginTest1()[pri:0, instance:tests.FunctionalTest@10d307f1]" started-at="2022-08-04T14:56:27 SGT" name="loginTest1" finished-at="2022-08-04T14:56:29 SGT" duration-ms="2051" status="FAIL">
          <exception class="java.lang.RuntimeException">
            <message>
              <![CDATA[User not found. org.openqa.selenium.NoSuchElementException: Cannot locate option with value: hello
For documentation on this error, please visit: https://selenium.dev/exceptions/#no_such_element
Build info: version: '4.3.0', revision: 'a4995e2c09*'
System info: host: 'DESKTOP-Q48MM8P', ip: '192.168.0.125', os.name: 'Windows 10', os.arch: 'amd64', os.version: '10.0', java.version: '17.0.4'
Driver info: driver.version: unknown]]>
            </message>
            <full-stacktrace>
              <![CDATA[java.lang.RuntimeException: User not found. org.openqa.selenium.NoSuchElementException: Cannot locate option with value: hello
For documentation on this error, please visit: https://selenium.dev/exceptions/#no_such_element
Build info: version: '4.3.0', revision: 'a4995e2c09*'
System info: host: 'DESKTOP-Q48MM8P', ip: '192.168.0.125', os.name: 'Windows 10', os.arch: 'amd64', os.version: '10.0', java.version: '17.0.4'
Driver info: driver.version: unknown
at base.BasePage.select(BasePage.java:117)
at pages.LoginPage.doValidLogin(LoginPage.java:25)
at tests.FunctionalTest.loginTest1(FunctionalTest.java:16)
at java.base/jdk.internal.reflect.NativeMethodAccessorImpl.invoke0(Native Method)
at java.base/jdk.internal.reflect.NativeMethodAccessorImpl.invoke(NativeMethodAccessorImpl.java:77)
at java.base/jdk.internal.reflect.DelegatingMethodAccessorImpl.invoke(DelegatingMethodAccessorImpl.java:43)
at java.base/java.lang.reflect.Method.invoke(Method.java:568)
at org.testng.internal.invokers.MethodInvocationHelper.invokeMethod(MethodInvocationHelper.java:139)
at org.testng.internal.invokers.TestInvoker.invokeMethod(TestInvoker.java:677)
at org.testng.internal.invokers.TestInvoker.invokeTestMethod(TestInvoker.java:221)
at org.testng.internal.invokers.MethodRunner.runInSequence(MethodRunner.java:50)
at org.testng.internal.invokers.TestInvoker$MethodInvocationAgent.invoke(TestInvoker.java:962)
at org.testng.internal.invokers.TestInvoker.invokeTestMethods(TestInvoker.java:194)
at org.testng.internal.invokers.TestMethodWorker.invokeTestMethods(TestMethodWorker.java:148)
at org.testng.internal.invokers.TestMethodWorker.run(TestMethodWorker.java:128)
at java.base/java.util.concurrent.ThreadPoolExecutor.runWorker(ThreadPoolExecutor.java:1136)
at java.base/java.util.concurrent.ThreadPoolExecutor$Worker.run(ThreadPoolExecutor.java:635)
at java.base/java.lang.Thread.run(Thread.java:833)
]]>
            </full-stacktrace>
          </exception> <!-- java.lang.RuntimeException -->
          <reporter-output>
          </reporter-output>
        </test-method> <!-- loginTest1 -->
        <test-method is-config="true" signature="tearDown()[pri:0, instance:tests.FunctionalTest@10d307f1]" started-at="2022-08-04T14:56:28 SGT" name="tearDown" finished-at="2022-08-04T14:56:29 SGT" duration-ms="247" status="PASS">
          <reporter-output>
          </reporter-output>
        </test-method> <!-- tearDown -->
        <test-method is-config="true" signature="tearDown()[pri:0, instance:tests.FunctionalTest@10d307f1]" started-at="2022-08-04T14:56:29 SGT" name="tearDown" finished-at="2022-08-04T14:56:29 SGT" duration-ms="204" status="PASS">
          <reporter-output>
          </reporter-output>
        </test-method> <!-- tearDown -->
      </class> <!-- tests.FunctionalTest -->
    </test> <!-- ChromeTest -->
  </suite> <!-- Functional Test Suite -->
  <suite started-at="2022-08-04T14:56:14 SGT" name="E2E Test Suite" finished-at="2022-08-04T14:56:24 SGT" duration-ms="10706">
    <groups>
    </groups>
    <test started-at="2022-08-04T14:56:14 SGT" name="ChromeTest" finished-at="2022-08-04T14:56:24 SGT" duration-ms="10706">
      <class name="tests.E2ETest">
        <test-method is-config="true" signature="startDriver(java.lang.String)[pri:0, instance:tests.E2ETest@6b8ca3c8]" started-at="2022-08-04T14:56:14 SGT" name="startDriver" finished-at="2022-08-04T14:56:19 SGT" duration-ms="4755" status="PASS">
          <params>
            <param index="0">
              <value>
                <![CDATA[chrome]]>
              </value>
            </param>
          </params>
          <reporter-output>
          </reporter-output>
        </test-method> <!-- startDriver -->
        <test-method is-config="true" signature="startDriver(java.lang.String)[pri:0, instance:tests.E2ETest@6b8ca3c8]" started-at="2022-08-04T14:56:14 SGT" name="startDriver" finished-at="2022-08-04T14:56:18 SGT" duration-ms="3601" status="PASS">
          <params>
            <param index="0">
              <value>
                <![CDATA[chrome]]>
              </value>
            </param>
          </params>
          <reporter-output>
          </reporter-output>
        </test-method> <!-- startDriver -->
        <test-method signature="chatTest2()[pri:0, instance:tests.E2ETest@6b8ca3c8]" started-at="2022-08-04T14:56:18 SGT" name="chatTest2" finished-at="2022-08-04T14:56:24 SGT" duration-ms="6146" status="PASS">
          <reporter-output>
          </reporter-output>
        </test-method> <!-- chatTest2 -->
        <test-method signature="chatTest1()[pri:0, instance:tests.E2ETest@6b8ca3c8]" started-at="2022-08-04T14:56:19 SGT" name="chatTest1" finished-at="2022-08-04T14:56:24 SGT" duration-ms="4796" status="PASS">
          <reporter-output>
          </reporter-output>
        </test-method> <!-- chatTest1 -->
        <test-method is-config="true" signature="tearDown()[pri:0, instance:tests.E2ETest@6b8ca3c8]" started-at="2022-08-04T14:56:24 SGT" name="tearDown" finished-at="2022-08-04T14:56:24 SGT" duration-ms="260" status="PASS">
          <reporter-output>
          </reporter-output>
        </test-method> <!-- tearDown -->
        <test-method is-config="true" signature="tearDown()[pri:0, instance:tests.E2ETest@6b8ca3c8]" started-at="2022-08-04T14:56:24 SGT" name="tearDown" finished-at="2022-08-04T14:56:24 SGT" duration-ms="391" status="PASS">
          <reporter-output>
          </reporter-output>
        </test-method> <!-- tearDown -->
      </class> <!-- tests.E2ETest -->
    </test> <!-- ChromeTest -->
  </suite> <!-- E2E Test Suite -->
</testng-results>
